Arguments: 
  C:\Program Files\nodejs\node.exe C:\Program Files (x86)\Yarn\bin\yarn.js add prettier --dev --exact

PATH: 
  C:\ProgramData\Oracle\Java\javapath;C:\Program Files (x86)\Intel\iCLS Client\;C:\Program Files\Intel\iCLS Client\;C:\WINDOWS\system32;C:\WINDOWS;C:\WINDOWS\System32\Wbem;C:\WINDOWS\System32\WindowsPowerShell\v1.0\;C:\Program Files (x86)\Intel\Intel(R) Management Engine Components\DAL;C:\Program Files\Intel\Intel(R) Management Engine Components\DAL;C:\Program Files (x86)\Intel\Intel(R) Management Engine Components\IPT;C:\Program Files\Intel\Intel(R) Management Engine Components\IPT;C:\Program Files (x86)\Brackets\command;C:\Program Files\Microsoft SQL Server\120\Tools\Binn\;C:\Program Files\Microsoft SQL Server\130\Tools\Binn\;c:\Program Files (x86)\Microsoft SQL Server\100\Tools\Binn\;c:\Program Files\Microsoft SQL Server\100\Tools\Binn\;c:\Program Files\Microsoft SQL Server\100\DTS\Binn\;C:\Program Files\Microsoft SQL Server\Client SDK\ODBC\110\Tools\Binn\;C:\Program Files (x86)\Microsoft SQL Server\120\Tools\Binn\ManagementStudio\;C:\Program Files (x86)\Microsoft SQL Server\120\Tools\Binn\;C:\Program Files (x86)\Microsoft SQL Server\120\DTS\Binn\;C:\Program Files\Microsoft SQL Server\120\DTS\Binn\;C:\Users\denni\.dnx\bin;C:\Program Files\Microsoft DNX\Dnvm\;C:\Gradle\gradle-4.0\bin;C:\Program Files\Android\Android Studio;C:\Program Files\Android\Android Studio\bin;C:\Program Files\Android\Android Studio\lib;C:\Program Files (x86)\GtkSharp\2.12\bin;C:\Program Files\Git\cmd;C:\Program Files\Calibre2\;C:\Users\denni\AppData\Roaming\nvm;C:\Program Files\nodejs;C:\Program Files (x86)\Yarn\bin;C:\Ruby22-x64\bin;C:\Users\denni\AppData\Local\Microsoft\WindowsApps;C:\Program Files (x86)\Microsoft VS Code\bin;C:\Users\denni\AppData\Roaming\npm;C:\Users\denni\AppData\Local\Android\sdk\platform-tools;C:\Users\denni\AppData\Local\Android\sdk\tools;C:\Users\denni\AppData\Roaming\nvm;C:\Program Files\nodejs;C:\Users\denni\AppData\Local\GitHubDesktop\bin;C:\Users\denni\AppData\Local\Yarn\bin;C:\Users\denni\AppData\Local\Microsoft\WindowsApps

Yarn version: 
  1.2.1

Node version: 
  7.5.0

Platform: 
  win32 x64

npm manifest: 
  {
    "name": "afh1-app",
    "productName": "AFH-1 App",
    "version": "0.0.1",
    "private": true,
    "description": "An app for reading the AFH-1",
    "author": "dennis.headrick.2@us.af.mil",
    "scripts": {
      "clean": "node build/script.clean.js",
      "dev": "node build/script.dev.js",
      "build": "node build/script.build.js",
      "lint": "eslint --ext .js,.vue src"
    },
    "dependencies": {
      "babel-runtime": "^6.25.0",
      "quasar-extras": "0.x",
      "quasar-framework": "^0.14.4",
      "vue": "^2.5.0",
      "vue-router": "^3.0.1"
    },
    "devDependencies": {
      "autoprefixer": "^6.4.0",
      "babel-core": "^6.0.0",
      "babel-eslint": "^7.0.0",
      "babel-loader": "^7.1.2",
      "babel-plugin-transform-runtime": "^6.0.0",
      "babel-preset-es2015": "^6.0.0",
      "babel-preset-stage-2": "^6.0.0",
      "colors": "^1.1.2",
      "connect-history-api-fallback": "^1.1.0",
      "css-loader": "^0.28.7",
      "es6-promise": "^4.1.1",
      "eslint": "^4.8.0",
      "eslint-config-standard": "^10.2.1",
      "eslint-friendly-formatter": "^3.0.0",
      "eslint-loader": "^1.9.0",
      "eslint-plugin-html": "^3.2.2",
      "eslint-plugin-import": "^2.7.0",
      "eslint-plugin-node": "^5.2.0",
      "eslint-plugin-promise": "^3.5.0",
      "eslint-plugin-standard": "^3.0.1",
      "eventsource-polyfill": "^0.9.6",
      "express": "^4.16.1",
      "extract-text-webpack-plugin": "^3.0.0",
      "file-loader": "^0.11.1",
      "friendly-errors-webpack-plugin": "^1.1.3",
      "glob": "^7.1.2",
      "html-webpack-plugin": "^2.30.1",
      "http-proxy-middleware": "^0.17.0",
      "json-loader": "^0.5.7",
      "opn": "^5.0.0",
      "optimize-css-assets-webpack-plugin": "^3.2.0",
      "postcss-loader": "^1.0.0",
      "progress-bar-webpack-plugin": "^1.10.0",
      "purify-css": "^1.2.6",
      "shelljs": "^0.7.0",
      "stylus": "^0.54.5",
      "stylus-loader": "^3.0.1",
      "url-loader": "^0.5.7",
      "vue-loader": "^13.0.5",
      "vue-style-loader": "^3.0.3",
      "vue-template-compiler": "^2.5.0",
      "webpack": "^3.6.0",
      "webpack-dev-middleware": "^1.12.0",
      "webpack-hot-middleware": "^2.19.1",
      "webpack-merge": "^4.1.0"
    }
  }

yarn manifest: 
  No manifest

Lockfile: 
  No lockfile

Trace: 
  Error: connect ETIMEDOUT 104.16.63.173:443
      at Object.exports._errnoException (util.js:1023:11)
      at exports._exceptionWithHostPort (util.js:1046:20)
      at TCPConnectWrap.afterConnect [as oncomplete] (net.js:1090:14)
